  GET Query Data : gateway_id=1
ローカルからの応答 {"1"=>{"name"=>nil, "property_name"=>nil, "device_id"=>"", "value"=>"23.3", "unit"=>nil, "datetime"=>"2015-11-01 16:42:18", "alert"=>"0"}, "11"=>{"name"=>nil, "property_name"=>nil, "device_id"=>"", "value"=>"173", "unit"=>nil, "datetime"=>"2015-01-24 02:35:44", "alert"=>"0"}, "15"=>{"name"=>"センサー", "property_name"=>nil, "device_id"=>"", "value"=>"30.2", "unit"=>nil, "datetime"=>"2015-10-29 20:20:37", "alert"=>"0"}}
  GET Query Data : gateway_id=1
クラウドからの応答 {"1"=>{"name"=>"セミナールーム", "property_name"=>"Measured temperature value", "device_id"=>"1", "value"=>"22.2", "unit"=>"degree Celsius", "datetime"=>"2015-11-01 18:43:35", "alert"=>"0"}, "3"=>{"name"=>"玄関", "property_name"=>nil, "device_id"=>"2", "value"=>"", "unit"=>nil, "datetime"=>"", "alert"=>"0"}, "5"=>{"name"=>"ダイニング", "property_name"=>nil, "device_id"=>"2", "value"=>"", "unit"=>nil, "datetime"=>"", "alert"=>"0"}, "7"=>{"name"=>"キッチン", "property_name"=>nil, "device_id"=>"2", "value"=>"", "unit"=>nil, "datetime"=>"", "alert"=>"0"}, "19"=>{"name"=>"物置", "property_name"=>nil, "device_id"=>"", "value"=>"", "unit"=>nil, "datetime"=>"", "alert"=>"0"}, "24"=>{"name"=>"寝室", "property_name"=>nil, "device_id"=>"", "value"=>"", "unit"=>nil, "datetime"=>"", "alert"=>"0"}, "28"=>{"name"=>nil, "property_name"=>nil, "device_id"=>"", "value"=>"", "unit"=>nil, "datetime"=>"", "alert"=>"0"}}
Start daemon.
loop = 0
0
recv_queue length
data length error
{"dev_status"=>3, "temperature"=>22.2, "fan_status"=>0, "fail_status"=>0, "addr"=>"00a200406610"}
{"dev_status"=>3, "temperature"=>22.3, "fan_status"=>0, "fail_status"=>0, "addr"=>"00a200406610"}
{"dev_status"=>3, "temperature"=>22.2, "fan_status"=>0, "fail_status"=>0, "addr"=>"00a200406610"}
{"dev_status"=>3, "temperature"=>22.2, "fan_status"=>0, "fail_status"=>0, "addr"=>"00a200406610"}
{"dev_status"=>3, "temperature"=>22.3, "fan_status"=>0, "fail_status"=>0, "addr"=>"00a200406610"}
{"dev_status"=>3, "temperature"=>22.2, "fan_status"=>0, "fail_status"=>0, "addr"=>"00a200406610"}
sensor error st= ["\x10"]
{"dev_status"=>3, "temperature"=>22.2, "fan_status"=>0, "fail_status"=>0, "addr"=>"00a200406610"}
loop = 1
7
recv_queue length
{"dev_status"=>3, "temperature"=>22.2, "fan_status"=>0, "fail_status"=>0, "addr"=>"00a200406610"}
loop = 2
1
recv_queue length
"dph_get_t"
  POST Data : {"hardware_uid":1,"class_group_code":"0x00","class_code":"0x00","properties":[{"class_group_code":"0x00","class_code":"0x00","property_code":"0x30","type":"sensor"},{"class_group_code":"0x00","class_code":"0x00","property_code":"0x31","type":"controller"}]}
{"dev_status"=>3, "temperature"=>22.2, "fan_status"=>0, "fail_status"=>0, "addr"=>"00a200406610"}
--- 応答 ---
{"9":[{"id":"32","class_group_code":"0x00","class_code":"0x00","property_code":"0x30"},{"id":"33","class_group_code":"0x00","class_code":"0x00","property_code":"0x31"}]}
:process_data
  GET Query Data : sensor_id=32
  GET Query Data : gateway_id=32
RES
{"min"=>"", "max"=>""}
RES2
{}
loop = 3
1
recv_queue length
"32"
  storeSensingData call
  POST Data : {"32":"22.2"}
#<HTTP::Message:0xb85c4b30 @http_header=#<HTTP::Message::Headers:0xb85c4b18 @http_version="1.1", @body_size=0, @chunked=false, @request_method="POST", @request_uri=#<URI::HTTP:0xb85c6378 URL:http://rubyiot.rcloud.jp/api/sensor_data>, @request_query=nil, @request_absolute_uri=nil, @status_code=400, @reason_phrase="Bad Request", @body_type=nil, @body_charset=nil, @body_date=nil, @body_encoding=#<Encoding:ASCII-8BIT>, @is_request=false, @header_item=[["Server", "nginx/1.6.0"], ["Date", "Sun, 01 Nov 2015 10:13:34 GMT"], ["Content-Type", "text/plain"], ["Content-Length", "27"], ["Connection", "keep-alive"], ["Status", "400 Bad Request"], ["X-Content-Type-Options", "nosniff"]], @dumped=false>, @peer_cert=nil, @http_body=#<HTTP::Message::Body:0xb85c49e0 @body="Posted sensor_id not found.", @size=0, @positions=nil, @chunk_size=nil>, @previous=nil>
  POST Data : {"32":{"value":22.2,"min":-20,"max":45}}
{"dev_status"=>3, "temperature"=>22.2, "fan_status"=>0, "fail_status"=>0, "addr"=>"00a200406610"}
loop = 4
1
recv_queue length
"dph_get_t"
:process_data
  GET Query Data : sensor_id=32
  GET Query Data : gateway_id=32
RES
{"min"=>"", "max"=>""}
RES2
{}
{"dev_status"=>3, "temperature"=>22.2, "fan_status"=>0, "fail_status"=>0, "addr"=>"00a200406610"}
loop = 5
1
recv_queue length
{"dev_status"=>3, "temperature"=>22.2, "fan_status"=>0, "fail_status"=>0, "addr"=>"00a200406610"}
loop = 6
1
recv_queue length
"dph_get_t"
:process_data
  GET Query Data : sensor_id=32
"32"
  storeSensingData call
  POST Data : {"32":"22.2"}
